<?xml version="1.0" encoding="UTF-8"?>
<!-- Generated by org.testng.reporters.JUnitReportReporter -->
<testsuite skipped="0" hostname="TechCirle2sMini" name="SeleniumDay_10.NewTest" tests="3" failures="0" timestamp="2022-05-19T20:34:13 EDT" time="0.013" errors="0">
  <testcase name="myTest" time="0.011" classname="SeleniumDay_10.NewTest"/>
  <system-out/>
  <testcase name="myTest" time="0.001" classname="SeleniumDay_10.NewTest"/>
  <system-out/>
  <testcase name="myTest" time="0.001" classname="SeleniumDay_10.NewTest"/>
  <system-out/>
</testsuite> <!-- SeleniumDay_10.NewTest -->
