<?xml version="1.0" encoding="UTF-8"?>
<!-- Generated by org.testng.reporters.JUnitReportReporter -->
<testsuite skipped="0" hostname="TechCirle2sMini" name="SaturdayPractice.groupingReview" tests="3" failures="0" timestamp="2022-05-21T13:05:01 EDT" time="6.681" errors="0">
  <testcase name="Test3" time="1.900" classname="SaturdayPractice.groupingReview"/>
  <system-out/>
  <testcase name="Test2" time="2.938" classname="SaturdayPractice.groupingReview"/>
  <system-out/>
  <testcase name="Test" time="1.843" classname="SaturdayPractice.groupingReview"/>
  <system-out/>
</testsuite> <!-- SaturdayPractice.groupingReview -->
