<?xml version="1.0" encoding="UTF-8"?>
<!-- Generated by org.testng.reporters.JUnitReportReporter -->
<testsuite hostname="TechCirle2sMini" failures="0" tests="4" name="SeleniumDay12_13.loginTestCases" time="14.813" errors="0" timestamp="2022-06-07T19:32:45 EDT" skipped="0">
  <testcase classname="SeleniumDay12_13.loginTestCases" name="loginWithValidCredentials_performanceGlitchUser" time="5.848"/>
  <system-out/>
  <testcase classname="SeleniumDay12_13.loginTestCases" name="loginWithValidCredentials_problemUser" time="0.474"/>
  <system-out/>
  <testcase classname="SeleniumDay12_13.loginTestCases" name="loginWithValidCredentials_Standard" time="7.676"/>
  <system-out/>
  <testcase classname="SeleniumDay12_13.loginTestCases" name="loginWithValidCredentials_lockoutUser" time="0.815"/>
  <system-out/>
</testsuite> <!-- SeleniumDay12_13.loginTestCases -->
