<?xml version="1.0" encoding="UTF-8"?>
<!-- Generated by org.testng.reporters.JUnitReportReporter -->
<testsuite skipped="0" hostname="TechCirle2sMini" name="SeleniumDay_10.dependentTests" tests="4" failures="0" timestamp="2022-05-19T19:22:43 EDT" time="0.016" errors="0">
  <testcase name="OpenBrowser" time="0.013" classname="SeleniumDay_10.dependentTests"/>
  <system-out/>
  <testcase name="thirdMethod" time="0.001" classname="SeleniumDay_10.dependentTests"/>
  <system-out/>
  <testcase name="AclickOnRSVP" time="0.001" classname="SeleniumDay_10.dependentTests"/>
  <system-out/>
  <testcase name="OpenBrowser2" time="0.001" classname="SeleniumDay_10.dependentTests"/>
  <system-out/>
</testsuite> <!-- SeleniumDay_10.dependentTests -->
