<?xml version="1.0" encoding="UTF-8"?>
<!-- Generated by org.testng.reporters.JUnitReportReporter -->
<testsuite skipped="0" hostname="TechCirle2sMini" name="SaturdayPractice.groupingReview" tests="4" failures="0" timestamp="2022-05-21T13:26:38 EDT" time="8.977" errors="0">
  <testcase name="Test4" time="3.378" classname="SaturdayPractice.groupingReview"/>
  <system-out/>
  <testcase name="Test3" time="1.885" classname="SaturdayPractice.groupingReview"/>
  <system-out/>
  <testcase name="Test2" time="1.969" classname="SaturdayPractice.groupingReview"/>
  <system-out/>
  <testcase name="Test" time="1.745" classname="SaturdayPractice.groupingReview"/>
  <system-out/>
</testsuite> <!-- SaturdayPractice.groupingReview -->
