<?xml version="1.0" encoding="UTF-8"?>
<!-- Generated by org.testng.reporters.JUnitReportReporter -->
<testsuite skipped="0" hostname="TechCirle2sMini" name="SaturdayPractice.OpenBrowser" tests="1" failures="0" timestamp="2022-05-21T11:58:54 EDT" time="3.283" errors="0">
  <testcase name="TestingBaseClass" time="3.283" classname="SaturdayPractice.OpenBrowser"/>
  <system-out/>
</testsuite> <!-- SaturdayPractice.OpenBrowser -->
