<?xml version="1.0" encoding="UTF-8"?>
<!-- Generated by org.testng.reporters.JUnitReportReporter -->
<testsuite hostname="Suwimons-MBP" failures="0" tests="9" name="Ratthanon51TestCases.ShopTestCase" time="33.454" errors="0" timestamp="2022-05-31T23:42:44 EDT" skipped="0">
  <testcase classname="Ratthanon51TestCases.ShopTestCase" name="VerifyPriceFunction" time="7.695"/>
  <system-out/>
  <testcase classname="Ratthanon51TestCases.ShopTestCase" name="VerifyCatagoeyFunction" time="3.084"/>
  <system-out/>
  <testcase classname="Ratthanon51TestCases.ShopTestCase" name="VerifyPopularity" time="3.345"/>
  <system-out/>
  <testcase classname="Ratthanon51TestCases.ShopTestCase" name="VerifyRating" time="3.283"/>
  <system-out/>
  <testcase classname="Ratthanon51TestCases.ShopTestCase" name="VerifyNewDate" time="3.248"/>
  <system-out/>
  <testcase classname="Ratthanon51TestCases.ShopTestCase" name="VerifyLoToHiPrice" time="3.063"/>
  <system-out/>
  <testcase classname="Ratthanon51TestCases.ShopTestCase" name="VerifyHiToLoPrice" time="3.501"/>
  <system-out/>
  <testcase classname="Ratthanon51TestCases.ShopTestCase" name="VesrifyOutofStock" time="2.768"/>
  <system-out/>
  <testcase classname="Ratthanon51TestCases.ShopTestCase" name="SortFunctionalOnsale" time="3.467"/>
  <system-out/>
</testsuite> <!-- Ratthanon51TestCases.ShopTestCase -->
