<?xml version="1.0" encoding="UTF-8"?>
<!-- Generated by org.testng.reporters.JUnitReportReporter -->
<testsuite hostname="Suwimons-MBP" failures="0" tests="13" name="Ratthanon51TestCases.AccoutTestCase" time="57.896" errors="0" timestamp="2022-05-31T12:50:19 EDT" skipped="0">
  <testcase classname="Ratthanon51TestCases.AccoutTestCase" name="LoginValidUserPassword" time="5.508"/>
  <system-out/>
  <testcase classname="Ratthanon51TestCases.AccoutTestCase" name="VerifyLogin" time="2.255"/>
  <system-out/>
  <testcase classname="Ratthanon51TestCases.AccoutTestCase" name="VerifyLogin" time="2.829"/>
  <system-out/>
  <testcase classname="Ratthanon51TestCases.AccoutTestCase" name="VerifyLogin" time="2.937"/>
  <system-out/>
  <testcase classname="Ratthanon51TestCases.AccoutTestCase" name="VerifyLogin" time="2.829"/>
  <system-out/>
  <testcase classname="Ratthanon51TestCases.AccoutTestCase" name="MaskedPassword" time="2.120"/>
  <system-out/>
  <testcase classname="Ratthanon51TestCases.AccoutTestCase" name="LoginCaseSensitive" time="2.643"/>
  <system-out/>
  <testcase classname="Ratthanon51TestCases.AccoutTestCase" name="LoginAuthentication" time="4.926"/>
  <system-out/>
  <testcase classname="Ratthanon51TestCases.AccoutTestCase" name="RegisterValidInfo" time="5.239"/>
  <system-out/>
  <testcase classname="Ratthanon51TestCases.AccoutTestCase" name="RegisterinValidEmail" time="5.929"/>
  <system-out/>
  <testcase classname="Ratthanon51TestCases.AccoutTestCase" name="RegisterWithemptyEmail" time="7.022"/>
  <system-out/>
  <testcase classname="Ratthanon51TestCases.AccoutTestCase" name="RegisterWithEmptypassword" time="7.594"/>
  <system-out/>
  <testcase classname="Ratthanon51TestCases.AccoutTestCase" name="RegisterWithEmptyemailpassword" time="6.065"/>
  <system-out/>
</testsuite> <!-- Ratthanon51TestCases.AccoutTestCase -->
