<?xml version="1.0" encoding="UTF-8"?>
<!-- Generated by org.testng.reporters.JUnitReportReporter -->
<testsuite hostname="TechCirle2sMini" failures="0" tests="1" name="SeleniumDay9.GroupingTest" time="0.013" errors="0" timestamp="2022-07-05T20:20:02 EDT" skipped="0">
  <testcase classname="SeleniumDay9.GroupingTest" name="b" time="0.013"/>
  <system-out/>
</testsuite> <!-- SeleniumDay9.GroupingTest -->
