<?xml version="1.0" encoding="UTF-8"?>
<!-- Generated by org.testng.reporters.JUnitReportReporter -->
<testsuite hostname="Suwimons-MBP" failures="0" tests="2" name="Ratthanon51TestCases.HomePageTestcase" time="24.537" errors="0" timestamp="2022-06-01T00:01:12 EDT" skipped="0">
  <testcase classname="Ratthanon51TestCases.HomePageTestcase" name="clickableImage" time="11.628"/>
  <system-out/>
  <testcase classname="Ratthanon51TestCases.HomePageTestcase" name="ArrivalDescription" time="12.909"/>
  <system-out/>
</testsuite> <!-- Ratthanon51TestCases.HomePageTestcase -->
