<?xml version="1.0" encoding="UTF-8"?>
<!-- Generated by org.testng.reporters.JUnitReportReporter -->
<testsuite skipped="0" hostname="TechCirle2sMini" name="SeleniumDay_10.dependentTests" tests="4" failures="0" timestamp="2022-05-24T21:21:39 EDT" time="0.010" errors="0">
  <testcase name="OpenBrowser" time="0.003" classname="SeleniumDay_10.dependentTests"/>
  <system-out/>
  <testcase name="thirdMethod" time="0.002" classname="SeleniumDay_10.dependentTests"/>
  <system-out/>
  <testcase name="OpenBrowser2" time="0.001" classname="SeleniumDay_10.dependentTests"/>
  <system-out/>
  <testcase name="AclickOnRSVP" time="0.004" classname="SeleniumDay_10.dependentTests"/>
  <system-out/>
</testsuite> <!-- SeleniumDay_10.dependentTests -->
