<?xml version="1.0" encoding="UTF-8"?>
<!-- Generated by org.testng.reporters.JUnitReportReporter -->
<testsuite skipped="0" hostname="TechCirle2sMini" name="SeleniumDay_10.ClassA" tests="2" failures="0" timestamp="2022-05-19T19:35:24 EDT" time="0.015" errors="0">
  <testcase name="f" time="0.002" classname="SeleniumDay_10.ClassA"/>
  <system-out/>
  <testcase name="d" time="0.013" classname="SeleniumDay_10.ClassA"/>
  <system-out/>
</testsuite> <!-- SeleniumDay_10.ClassA -->
