<?xml version="1.0" encoding="UTF-8"?>
<!-- Generated by org.testng.reporters.JUnitReportReporter -->
<testsuite hostname="Suwimons-MBP" failures="0" tests="9" name="Ratthanon51TestCases.ShopTestCase" time="28.953" errors="0" timestamp="2022-05-31T12:48:55 EDT" skipped="0">
  <testcase classname="Ratthanon51TestCases.ShopTestCase" name="VerifyPriceFunction" time="6.666"/>
  <system-out/>
  <testcase classname="Ratthanon51TestCases.ShopTestCase" name="VerifyCatagoeyFunction" time="2.806"/>
  <system-out/>
  <testcase classname="Ratthanon51TestCases.ShopTestCase" name="VerifyPopularity" time="2.988"/>
  <system-out/>
  <testcase classname="Ratthanon51TestCases.ShopTestCase" name="VerifyRating" time="2.828"/>
  <system-out/>
  <testcase classname="Ratthanon51TestCases.ShopTestCase" name="VerifyNewDate" time="2.521"/>
  <system-out/>
  <testcase classname="Ratthanon51TestCases.ShopTestCase" name="VerifyLoToHiPrice" time="2.716"/>
  <system-out/>
  <testcase classname="Ratthanon51TestCases.ShopTestCase" name="VerifyHiToLoPrice" time="2.661"/>
  <system-out/>
  <testcase classname="Ratthanon51TestCases.ShopTestCase" name="VesrifyOutofStock" time="2.581"/>
  <system-out/>
  <testcase classname="Ratthanon51TestCases.ShopTestCase" name="SortFunctionalOnsale" time="3.186"/>
  <system-out/>
</testsuite> <!-- Ratthanon51TestCases.ShopTestCase -->
