<?xml version="1.0" encoding="UTF-8"?>
<!-- Generated by org.testng.reporters.JUnitReportReporter -->
<testsuite hostname="Suwimons-MBP" failures="0" tests="13" name="Ratthanon51TestCases.AccoutTestCase" time="50.241" errors="0" timestamp="2022-05-31T23:45:02 EDT" skipped="0">
  <testcase classname="Ratthanon51TestCases.AccoutTestCase" name="LoginValidUserPassword" time="4.813"/>
  <system-out/>
  <testcase classname="Ratthanon51TestCases.AccoutTestCase" name="VerifyLogin" time="2.329"/>
  <system-out/>
  <testcase classname="Ratthanon51TestCases.AccoutTestCase" name="VerifyLogin" time="1.936"/>
  <system-out/>
  <testcase classname="Ratthanon51TestCases.AccoutTestCase" name="VerifyLogin" time="2.264"/>
  <system-out/>
  <testcase classname="Ratthanon51TestCases.AccoutTestCase" name="VerifyLogin" time="2.038"/>
  <system-out/>
  <testcase classname="Ratthanon51TestCases.AccoutTestCase" name="MaskedPassword" time="1.056"/>
  <system-out/>
  <testcase classname="Ratthanon51TestCases.AccoutTestCase" name="LoginCaseSensitive" time="1.957"/>
  <system-out/>
  <testcase classname="Ratthanon51TestCases.AccoutTestCase" name="LoginAuthentication" time="4.074"/>
  <system-out/>
  <testcase classname="Ratthanon51TestCases.AccoutTestCase" name="RegisterValidInfo" time="5.123"/>
  <system-out/>
  <testcase classname="Ratthanon51TestCases.AccoutTestCase" name="RegisterinValidEmail" time="6.055"/>
  <system-out/>
  <testcase classname="Ratthanon51TestCases.AccoutTestCase" name="RegisterWithemptyEmail" time="6.711"/>
  <system-out/>
  <testcase classname="Ratthanon51TestCases.AccoutTestCase" name="RegisterWithEmptypassword" time="6.155"/>
  <system-out/>
  <testcase classname="Ratthanon51TestCases.AccoutTestCase" name="RegisterWithEmptyemailpassword" time="5.730"/>
  <system-out/>
</testsuite> <!-- Ratthanon51TestCases.AccoutTestCase -->
