<?xml version="1.0" encoding="UTF-8"?>
<!-- Generated by org.testng.reporters.JUnitReportReporter -->
<testsuite skipped="0" hostname="TechCirle2sMini" name="SeleniumDay9.OpenBrowser" tests="1" failures="0" timestamp="2022-05-18T21:37:40 EDT" time="7.215" errors="0">
  <testcase name="Test" time="7.215" classname="SeleniumDay9.OpenBrowser"/>
  <system-out/>
</testsuite> <!-- SeleniumDay9.OpenBrowser -->
