<?xml version="1.0" encoding="UTF-8"?>
<!-- Generated by org.testng.reporters.JUnitReportReporter -->
<testsuite skipped="0" hostname="TechCirle2sMini" name="SeleniumDay9.testPriorityInTestNG" tests="3" failures="0" timestamp="2022-05-18T21:37:40 EDT" time="0.019" errors="0">
  <testcase name="B" time="0.013" classname="SeleniumDay9.testPriorityInTestNG"/>
  <system-out/>
  <testcase name="C" time="0.003" classname="SeleniumDay9.testPriorityInTestNG"/>
  <system-out/>
  <testcase name="A" time="0.003" classname="SeleniumDay9.testPriorityInTestNG"/>
  <system-out/>
</testsuite> <!-- SeleniumDay9.testPriorityInTestNG -->
