<?xml version="1.0" encoding="UTF-8"?>
<!-- Generated by org.testng.reporters.JUnitReportReporter -->
<testsuite hostname="Suwimons-MBP" failures="0" tests="4" name="SeleniumDay12_13.loginTestCases" time="6.859" errors="0" timestamp="2022-05-26T23:47:15 EDT" skipped="0">
  <testcase classname="SeleniumDay12_13.loginTestCases" name="loginWithValidCredentials_problemUser" time="0.360"/>
  <system-out/>
  <testcase classname="SeleniumDay12_13.loginTestCases" name="loginWithValidCredentials_Standard" time="0.525"/>
  <system-out/>
  <testcase classname="SeleniumDay12_13.loginTestCases" name="loginWithValidCredentials_performanceGlitchUser" time="5.385"/>
  <system-out/>
  <testcase classname="SeleniumDay12_13.loginTestCases" name="loginWithValidCredentials_lockoutUser" time="0.589"/>
  <system-out/>
</testsuite> <!-- SeleniumDay12_13.loginTestCases -->
