<?xml version="1.0" encoding="UTF-8"?>
<!-- Generated by org.testng.reporters.JUnitReportReporter -->
<testsuite skipped="0" hostname="TechCirle2sMini" name="SeleniumDay9.NewTest" tests="2" failures="0" timestamp="2022-05-18T21:37:40 EDT" time="0.019" errors="0">
  <testcase name="c" time="0.007" classname="SeleniumDay9.NewTest"/>
  <system-out/>
  <testcase name="f" time="0.012" classname="SeleniumDay9.NewTest"/>
  <system-out/>
</testsuite> <!-- SeleniumDay9.NewTest -->
