<?xml version="1.0" encoding="UTF-8"?>
<!-- Generated by org.testng.reporters.JUnitReportReporter -->
<testsuite skipped="0" hostname="TechCirle2sMini" name="SeleniumDay12_13.checkoutCartTest" tests="1" failures="0" timestamp="2022-05-26T21:41:01 EDT" time="5.773" errors="0">
  <testcase name="testOrderConfirmation" time="5.773" classname="SeleniumDay12_13.checkoutCartTest"/>
  <system-out/>
</testsuite> <!-- SeleniumDay12_13.checkoutCartTest -->
