<?xml version="1.0" encoding="UTF-8"?>
<!-- Generated by org.testng.reporters.JUnitReportReporter -->
<testsuite hostname="Suwimons-MBP" failures="0" tests="8" name="thunpanBee51TestCases.LoginFunctionality" time="95.719" errors="0" timestamp="2022-05-28T02:08:03 EDT" skipped="0">
  <testcase classname="thunpanBee51TestCases.LoginFunctionality" name="loginFunctionalityTest" time="12.734"/>
  <system-out/>
  <testcase classname="thunpanBee51TestCases.LoginFunctionality" name="loginFunctionalityTest" time="5.216"/>
  <system-out/>
  <testcase classname="thunpanBee51TestCases.LoginFunctionality" name="loginPasswordShouldBeMasked" time="11.389"/>
  <system-out/>
  <testcase classname="thunpanBee51TestCases.LoginFunctionality" name="authenticationLogin" time="14.546"/>
  <system-out/>
  <testcase classname="thunpanBee51TestCases.LoginFunctionality" name="validLogin" time="13.878"/>
  <system-out/>
  <testcase classname="thunpanBee51TestCases.LoginFunctionality" name="loginFunctionalityTest" time="12.804"/>
  <system-out/>
  <testcase classname="thunpanBee51TestCases.LoginFunctionality" name="loginFunctionalityTest" time="12.375"/>
  <system-out/>
  <testcase classname="thunpanBee51TestCases.LoginFunctionality" name="loginFunctionalityTest" time="12.777"/>
  <system-out/>
</testsuite> <!-- thunpanBee51TestCases.LoginFunctionality -->
