<?xml version="1.0" encoding="UTF-8"?>
<!-- Generated by org.testng.reporters.JUnitReportReporter -->
<testsuite skipped="0" hostname="TechCirle2sMini" name="SeleniumDay9.GroupingTest" tests="1" failures="0" timestamp="2022-05-18T21:44:45 EDT" time="0.017" errors="0">
  <testcase name="b" time="0.017" classname="SeleniumDay9.GroupingTest"/>
  <system-out/>
</testsuite> <!-- SeleniumDay9.GroupingTest -->
