<?xml version="1.0" encoding="UTF-8"?>
<!-- Generated by org.testng.reporters.JUnitReportReporter -->
<testsuite hostname="TechCirle2sMini" failures="0" tests="2" name="SeleniumDay9.NewTest" time="0.007" errors="0" timestamp="2022-07-05T20:21:03 EDT" skipped="0">
  <testcase classname="SeleniumDay9.NewTest" name="c" time="0.003"/>
  <system-out/>
  <testcase classname="SeleniumDay9.NewTest" name="f" time="0.004"/>
  <system-out/>
</testsuite> <!-- SeleniumDay9.NewTest -->
