<?xml version="1.0" encoding="UTF-8"?>
<!-- Generated by org.testng.reporters.JUnitReportReporter -->
<testsuite skipped="0" hostname="TechCirle2sMini" name="SeleniumDay_11.ParallelTesting" tests="2" failures="0" timestamp="2022-05-24T20:18:51 EDT" time="15.945" errors="0">
  <testcase name="parallelFirefox" time="6.246" classname="SeleniumDay_11.ParallelTesting"/>
  <system-out/>
  <testcase name="parallelChrome" time="9.699" classname="SeleniumDay_11.ParallelTesting"/>
  <system-out/>
</testsuite> <!-- SeleniumDay_11.ParallelTesting -->
