<?xml version="1.0" encoding="UTF-8"?>
<!-- Generated by org.testng.reporters.JUnitReportReporter -->
<testsuite skipped="0" hostname="TechCirle2sMini" name="SeleniumDay12_13.loginTestCases" tests="4" failures="0" timestamp="2022-05-26T19:49:34 EDT" time="11.012" errors="0">
  <testcase name="loginWithValidCredentials_problemUser" time="0.423" classname="SeleniumDay12_13.loginTestCases"/>
  <system-out/>
  <testcase name="loginWithValidCredentials_Standard" time="3.208" classname="SeleniumDay12_13.loginTestCases"/>
  <system-out/>
  <testcase name="loginWithValidCredentials_performanceGlitchUser" time="5.971" classname="SeleniumDay12_13.loginTestCases"/>
  <system-out/>
  <testcase name="loginWithValidCredentials_lockoutUser" time="1.410" classname="SeleniumDay12_13.loginTestCases"/>
  <system-out/>
</testsuite> <!-- SeleniumDay12_13.loginTestCases -->
