<?xml version="1.0" encoding="UTF-8"?>
<!-- Generated by org.testng.reporters.JUnitReportReporter -->
<testsuite hostname="DESKTOP-BH12OFT" failures="0" tests="5" name="Meena_51TestCases.homePageTestCases" time="63.798" errors="0" timestamp="2022-05-31T12:20:15 EDT" skipped="0">
  <testcase classname="Meena_51TestCases.homePageTestCases" name="HomePageWithThreeSlidersOnly" time="3.821"/>
  <system-out/>
  <testcase classname="Meena_51TestCases.homePageTestCases" name="HomePageWithThreeArrivalsOnly" time="3.840"/>
  <system-out/>
  <testcase classname="Meena_51TestCases.homePageTestCases" name="HomePageImagesArrivalsShouldNavigate" time="28.440"/>
  <system-out/>
  <testcase classname="Meena_51TestCases.homePageTestCases" name="ArrivalImagesDescription" time="14.517"/>
  <system-out/>
  <testcase classname="Meena_51TestCases.homePageTestCases" name="ArrivalImagesReview" time="13.180"/>
  <system-out/>
</testsuite> <!-- Meena_51TestCases.homePageTestCases -->
