<?xml version="1.0" encoding="UTF-8"?>
<!-- Generated by org.testng.reporters.JUnitReportReporter -->
<testsuite hostname="Suwimons-MBP" failures="0" tests="1" name="SeleniumDay12_13.checkoutCartTest" time="1.267" errors="0" timestamp="2022-05-26T23:48:06 EDT" skipped="0">
  <testcase classname="SeleniumDay12_13.checkoutCartTest" name="testOrderConfirmation" time="1.267"/>
  <system-out/>
</testsuite> <!-- SeleniumDay12_13.checkoutCartTest -->
