<?xml version="1.0" encoding="UTF-8"?>
<!-- Generated by org.testng.reporters.JUnitReportReporter -->
<testsuite hostname="LAPTOP-LHIOLAI0" failures="0" tests="5" name="maria.HomePageTest.Registeration" time="36.263" errors="0" timestamp="2022-06-01T18:42:41 EDT" skipped="0">
  <testcase classname="maria.HomePageTest.Registeration" name="testCase3" time="10.959"/>
  <system-out/>
  <testcase classname="maria.HomePageTest.Registeration" name="testCase2" time="5.673"/>
  <system-out/>
  <testcase classname="maria.HomePageTest.Registeration" name="testCase1" time="5.420"/>
  <system-out/>
  <testcase classname="maria.HomePageTest.Registeration" name="testCase5" time="6.774"/>
  <system-out/>
  <testcase classname="maria.HomePageTest.Registeration" name="testCase4" time="7.437"/>
  <system-out/>
</testsuite> <!-- maria.HomePageTest.Registeration -->
