<?xml version="1.0" encoding="UTF-8"?>
<!-- Generated by org.testng.reporters.JUnitReportReporter -->
<testsuite hostname="TechCirle2sMini" failures="0" tests="3" name="SeleniumDay9.testPriorityInTestNG" time="0.013" errors="0" timestamp="2022-07-05T20:21:03 EDT" skipped="0">
  <testcase classname="SeleniumDay9.testPriorityInTestNG" name="B" time="0.011"/>
  <system-out/>
  <testcase classname="SeleniumDay9.testPriorityInTestNG" name="C" time="0.001"/>
  <system-out/>
  <testcase classname="SeleniumDay9.testPriorityInTestNG" name="A" time="0.001"/>
  <system-out/>
</testsuite> <!-- SeleniumDay9.testPriorityInTestNG -->
