<?xml version="1.0" encoding="UTF-8"?>
<!-- Generated by org.testng.reporters.JUnitReportReporter -->
<testsuite skipped="0" hostname="TechCirle2sMini" name="SeleniumDay_10.MultiBrowserTesting" tests="2" failures="0" timestamp="2022-05-21T13:47:19 EDT" time="0.023" errors="0">
  <testcase name="login" time="0.010" classname="SeleniumDay_10.MultiBrowserTesting"/>
  <system-out/>
  <testcase name="login" time="0.013" classname="SeleniumDay_10.MultiBrowserTesting"/>
  <system-out/>
</testsuite> <!-- SeleniumDay_10.MultiBrowserTesting -->
