<?xml version="1.0" encoding="UTF-8"?>
<!-- Generated by org.testng.reporters.JUnitReportReporter -->
<testsuite skipped="0" hostname="TechCirle2sMini" name="SaturdayPractice.priorityTestNG" tests="4" failures="0" timestamp="2022-05-21T12:41:44 EDT" time="8.954" errors="0">
  <testcase name="test4" time="3.080" classname="SaturdayPractice.priorityTestNG"/>
  <system-out/>
  <testcase name="test3" time="1.958" classname="SaturdayPractice.priorityTestNG"/>
  <system-out/>
  <testcase name="test2" time="1.859" classname="SaturdayPractice.priorityTestNG"/>
  <system-out/>
  <testcase name="test" time="2.057" classname="SaturdayPractice.priorityTestNG"/>
  <system-out/>
</testsuite> <!-- SaturdayPractice.priorityTestNG -->
